CRITICAL - 2025-11-08 11:54:44 --> ParseError: syntax error, unexpected token "<", expecting end of file
[Method: GET, Route: admin/newcourse/edit/23]
in APPPATH/Views/admin/courseNew/edit.php on line 20.
 1 SYSTEMPATH/View/View.php(237): CodeIgniter\View\View->CodeIgniter\View\{closure}()
 2 SYSTEMPATH/Common.php(1171): CodeIgniter\View\View->render()
 3 APPPATH/Views/admin/layout/layout.php(22): view()
 4 SYSTEMPATH/View/View.php(234): include('/home/1285171.cloudwaysapps.com/ntysncanmj/public_html/app/Views/admin/layout/layout.php')
 5 SYSTEMPATH/View/View.php(237): CodeIgniter\View\View->CodeIgniter\View\{closure}()
 6 SYSTEMPATH/Common.php(1171): CodeIgniter\View\View->render()
 7 APPPATH/Libraries/Layout.php(10): view()
 8 APPPATH/Controllers/admin/CoursesNew.php(371): App\Libraries\Layout::view()
 9 SYSTEMPATH/CodeIgniter.php(933): App\Controllers\admin\CoursesNew->edit()
10 SYSTEMPATH/CodeIgniter.php(509): CodeIgniter\CodeIgniter->runController()
11 SYSTEMPATH/CodeIgniter.php(355): CodeIgniter\CodeIgniter->handleRequest()
12 SYSTEMPATH/Boot.php(312): CodeIgniter\CodeIgniter->run()
13 SYSTEMPATH/Boot.php(67): CodeIgniter\Boot::runCodeIgniter()
14 FCPATH/index.php(57): CodeIgniter\Boot::bootWeb()
CRITICAL - 2025-11-08 11:54:59 --> ParseError: syntax error, unexpected token "<", expecting end of file
[Method: GET, Route: admin/newcourse/edit/23]
in APPPATH/Views/admin/courseNew/edit.php on line 20.
 1 SYSTEMPATH/View/View.php(237): CodeIgniter\View\View->CodeIgniter\View\{closure}()
 2 SYSTEMPATH/Common.php(1171): CodeIgniter\View\View->render()
 3 APPPATH/Views/admin/layout/layout.php(22): view()
 4 SYSTEMPATH/View/View.php(234): include('/home/1285171.cloudwaysapps.com/ntysncanmj/public_html/app/Views/admin/layout/layout.php')
 5 SYSTEMPATH/View/View.php(237): CodeIgniter\View\View->CodeIgniter\View\{closure}()
 6 SYSTEMPATH/Common.php(1171): CodeIgniter\View\View->render()
 7 APPPATH/Libraries/Layout.php(10): view()
 8 APPPATH/Controllers/admin/CoursesNew.php(371): App\Libraries\Layout::view()
 9 SYSTEMPATH/CodeIgniter.php(933): App\Controllers\admin\CoursesNew->edit()
10 SYSTEMPATH/CodeIgniter.php(509): CodeIgniter\CodeIgniter->runController()
11 SYSTEMPATH/CodeIgniter.php(355): CodeIgniter\CodeIgniter->handleRequest()
12 SYSTEMPATH/Boot.php(312): CodeIgniter\CodeIgniter->run()
13 SYSTEMPATH/Boot.php(67): CodeIgniter\Boot::runCodeIgniter()
14 FCPATH/index.php(57): CodeIgniter\Boot::bootWeb()
CRITICAL - 2025-11-08 11:55:02 --> ParseError: syntax error, unexpected token "<", expecting end of file
[Method: GET, Route: admin/newcourse/edit/23]
in APPPATH/Views/admin/courseNew/edit.php on line 20.
 1 SYSTEMPATH/View/View.php(237): CodeIgniter\View\View->CodeIgniter\View\{closure}()
 2 SYSTEMPATH/Common.php(1171): CodeIgniter\View\View->render()
 3 APPPATH/Views/admin/layout/layout.php(22): view()
 4 SYSTEMPATH/View/View.php(234): include('/home/1285171.cloudwaysapps.com/ntysncanmj/public_html/app/Views/admin/layout/layout.php')
 5 SYSTEMPATH/View/View.php(237): CodeIgniter\View\View->CodeIgniter\View\{closure}()
 6 SYSTEMPATH/Common.php(1171): CodeIgniter\View\View->render()
 7 APPPATH/Libraries/Layout.php(10): view()
 8 APPPATH/Controllers/admin/CoursesNew.php(371): App\Libraries\Layout::view()
 9 SYSTEMPATH/CodeIgniter.php(933): App\Controllers\admin\CoursesNew->edit()
10 SYSTEMPATH/CodeIgniter.php(509): CodeIgniter\CodeIgniter->runController()
11 SYSTEMPATH/CodeIgniter.php(355): CodeIgniter\CodeIgniter->handleRequest()
12 SYSTEMPATH/Boot.php(312): CodeIgniter\CodeIgniter->run()
13 SYSTEMPATH/Boot.php(67): CodeIgniter\Boot::runCodeIgniter()
14 FCPATH/index.php(57): CodeIgniter\Boot::bootWeb()
CRITICAL - 2025-11-08 11:55:39 --> ErrorException: Undefined variable $extra_features
[Method: GET, Route: admin/newcourse/edit/23]
in APPPATH/Views/admin/courseNew/edit.php on line 35.
 1 APPPATH/Views/admin/courseNew/edit.php(35): CodeIgniter\Debug\Exceptions->errorHandler()
 2 SYSTEMPATH/View/View.php(234): include('/home/1285171.cloudwaysapps.com/ntysncanmj/public_html/app/Views/admin/courseNew/edit.php')
 3 SYSTEMPATH/View/View.php(237): CodeIgniter\View\View->CodeIgniter\View\{closure}()
 4 SYSTEMPATH/Common.php(1171): CodeIgniter\View\View->render()
 5 APPPATH/Views/admin/layout/layout.php(22): view()
 6 SYSTEMPATH/View/View.php(234): include('/home/1285171.cloudwaysapps.com/ntysncanmj/public_html/app/Views/admin/layout/layout.php')
 7 SYSTEMPATH/View/View.php(237): CodeIgniter\View\View->CodeIgniter\View\{closure}()
 8 SYSTEMPATH/Common.php(1171): CodeIgniter\View\View->render()
 9 APPPATH/Libraries/Layout.php(10): view()
10 APPPATH/Controllers/admin/CoursesNew.php(371): App\Libraries\Layout::view()
11 SYSTEMPATH/CodeIgniter.php(933): App\Controllers\admin\CoursesNew->edit()
12 SYSTEMPATH/CodeIgniter.php(509): CodeIgniter\CodeIgniter->runController()
13 SYSTEMPATH/CodeIgniter.php(355): CodeIgniter\CodeIgniter->handleRequest()
14 SYSTEMPATH/Boot.php(312): CodeIgniter\CodeIgniter->run()
15 SYSTEMPATH/Boot.php(67): CodeIgniter\Boot::runCodeIgniter()
16 FCPATH/index.php(57): CodeIgniter\Boot::bootWeb()
CRITICAL - 2025-11-08 11:55:40 --> ErrorException: Undefined variable $extra_features
[Method: GET, Route: admin/newcourse/edit/23]
in APPPATH/Views/admin/courseNew/edit.php on line 35.
 1 APPPATH/Views/admin/courseNew/edit.php(35): CodeIgniter\Debug\Exceptions->errorHandler()
 2 SYSTEMPATH/View/View.php(234): include('/home/1285171.cloudwaysapps.com/ntysncanmj/public_html/app/Views/admin/courseNew/edit.php')
 3 SYSTEMPATH/View/View.php(237): CodeIgniter\View\View->CodeIgniter\View\{closure}()
 4 SYSTEMPATH/Common.php(1171): CodeIgniter\View\View->render()
 5 APPPATH/Views/admin/layout/layout.php(22): view()
 6 SYSTEMPATH/View/View.php(234): include('/home/1285171.cloudwaysapps.com/ntysncanmj/public_html/app/Views/admin/layout/layout.php')
 7 SYSTEMPATH/View/View.php(237): CodeIgniter\View\View->CodeIgniter\View\{closure}()
 8 SYSTEMPATH/Common.php(1171): CodeIgniter\View\View->render()
 9 APPPATH/Libraries/Layout.php(10): view()
10 APPPATH/Controllers/admin/CoursesNew.php(371): App\Libraries\Layout::view()
11 SYSTEMPATH/CodeIgniter.php(933): App\Controllers\admin\CoursesNew->edit()
12 SYSTEMPATH/CodeIgniter.php(509): CodeIgniter\CodeIgniter->runController()
13 SYSTEMPATH/CodeIgniter.php(355): CodeIgniter\CodeIgniter->handleRequest()
14 SYSTEMPATH/Boot.php(312): CodeIgniter\CodeIgniter->run()
15 SYSTEMPATH/Boot.php(67): CodeIgniter\Boot::runCodeIgniter()
16 FCPATH/index.php(57): CodeIgniter\Boot::bootWeb()
CRITICAL - 2025-11-08 11:55:41 --> ErrorException: Undefined variable $extra_features
[Method: GET, Route: admin/newcourse/edit/23]
in APPPATH/Views/admin/courseNew/edit.php on line 35.
 1 APPPATH/Views/admin/courseNew/edit.php(35): CodeIgniter\Debug\Exceptions->errorHandler()
 2 SYSTEMPATH/View/View.php(234): include('/home/1285171.cloudwaysapps.com/ntysncanmj/public_html/app/Views/admin/courseNew/edit.php')
 3 SYSTEMPATH/View/View.php(237): CodeIgniter\View\View->CodeIgniter\View\{closure}()
 4 SYSTEMPATH/Common.php(1171): CodeIgniter\View\View->render()
 5 APPPATH/Views/admin/layout/layout.php(22): view()
 6 SYSTEMPATH/View/View.php(234): include('/home/1285171.cloudwaysapps.com/ntysncanmj/public_html/app/Views/admin/layout/layout.php')
 7 SYSTEMPATH/View/View.php(237): CodeIgniter\View\View->CodeIgniter\View\{closure}()
 8 SYSTEMPATH/Common.php(1171): CodeIgniter\View\View->render()
 9 APPPATH/Libraries/Layout.php(10): view()
10 APPPATH/Controllers/admin/CoursesNew.php(371): App\Libraries\Layout::view()
11 SYSTEMPATH/CodeIgniter.php(933): App\Controllers\admin\CoursesNew->edit()
12 SYSTEMPATH/CodeIgniter.php(509): CodeIgniter\CodeIgniter->runController()
13 SYSTEMPATH/CodeIgniter.php(355): CodeIgniter\CodeIgniter->handleRequest()
14 SYSTEMPATH/Boot.php(312): CodeIgniter\CodeIgniter->run()
15 SYSTEMPATH/Boot.php(67): CodeIgniter\Boot::runCodeIgniter()
16 FCPATH/index.php(57): CodeIgniter\Boot::bootWeb()
CRITICAL - 2025-11-08 11:55:41 --> ErrorException: Undefined variable $extra_features
[Method: GET, Route: admin/newcourse/edit/23]
in APPPATH/Views/admin/courseNew/edit.php on line 35.
 1 APPPATH/Views/admin/courseNew/edit.php(35): CodeIgniter\Debug\Exceptions->errorHandler()
 2 SYSTEMPATH/View/View.php(234): include('/home/1285171.cloudwaysapps.com/ntysncanmj/public_html/app/Views/admin/courseNew/edit.php')
 3 SYSTEMPATH/View/View.php(237): CodeIgniter\View\View->CodeIgniter\View\{closure}()
 4 SYSTEMPATH/Common.php(1171): CodeIgniter\View\View->render()
 5 APPPATH/Views/admin/layout/layout.php(22): view()
 6 SYSTEMPATH/View/View.php(234): include('/home/1285171.cloudwaysapps.com/ntysncanmj/public_html/app/Views/admin/layout/layout.php')
 7 SYSTEMPATH/View/View.php(237): CodeIgniter\View\View->CodeIgniter\View\{closure}()
 8 SYSTEMPATH/Common.php(1171): CodeIgniter\View\View->render()
 9 APPPATH/Libraries/Layout.php(10): view()
10 APPPATH/Controllers/admin/CoursesNew.php(371): App\Libraries\Layout::view()
11 SYSTEMPATH/CodeIgniter.php(933): App\Controllers\admin\CoursesNew->edit()
12 SYSTEMPATH/CodeIgniter.php(509): CodeIgniter\CodeIgniter->runController()
13 SYSTEMPATH/CodeIgniter.php(355): CodeIgniter\CodeIgniter->handleRequest()
14 SYSTEMPATH/Boot.php(312): CodeIgniter\CodeIgniter->run()
15 SYSTEMPATH/Boot.php(67): CodeIgniter\Boot::runCodeIgniter()
16 FCPATH/index.php(57): CodeIgniter\Boot::bootWeb()
CRITICAL - 2025-11-08 12:46:02 --> ParseError: syntax error, unexpected token "<"
[Method: GET, Route: akpiscourse/ea1]
in APPPATH/Views/web/course/course_detail_ea.php on line 339.
 1 SYSTEMPATH/View/View.php(237): CodeIgniter\View\View->CodeIgniter\View\{closure}()
 2 SYSTEMPATH/Common.php(1171): CodeIgniter\View\View->render()
 3 APPPATH/Views/web/layout/layout.php(126): view()
 4 SYSTEMPATH/View/View.php(234): include('/home/1285171.cloudwaysapps.com/ntysncanmj/public_html/app/Views/web/layout/layout.php')
 5 SYSTEMPATH/View/View.php(237): CodeIgniter\View\View->CodeIgniter\View\{closure}()
 6 SYSTEMPATH/Common.php(1171): CodeIgniter\View\View->render()
 7 APPPATH/Libraries/Layout.php(16): view()
 8 APPPATH/Controllers/Courses.php(100): App\Libraries\Layout::web()
 9 SYSTEMPATH/CodeIgniter.php(933): App\Controllers\Courses->course()
10 SYSTEMPATH/CodeIgniter.php(509): CodeIgniter\CodeIgniter->runController()
11 SYSTEMPATH/CodeIgniter.php(355): CodeIgniter\CodeIgniter->handleRequest()
12 SYSTEMPATH/Boot.php(312): CodeIgniter\CodeIgniter->run()
13 SYSTEMPATH/Boot.php(67): CodeIgniter\Boot::runCodeIgniter()
14 FCPATH/index.php(57): CodeIgniter\Boot::bootWeb()
